<?xml version="1.0" encoding="UTF-8"?>
<robot generator="Robot 7.0 (Python 3.12.2 on win32)" generated="2024-04-05T21:23:57.306703" rpa="false" schemaversion="5">
<suite id="s1" name="Post Swagger Test" source="c:\Users\renil\OneDrive\Área de Trabalho\Robot\Api\TestesDeAPIRobotFramework\test\post_swagger_test.robot">
<test id="s1-t1" name="Cenário com POST: Cadastrar diretoria" line="14">
<kw name="Massa de dados diretoria" owner="diretoria_swagger_testes_recursos">
<kw name="Generate Random String" owner="String">
<msg time="2024-04-05T21:23:57.528571" level="INFO">${palavra_randomica_diretoria} = pTFKFlwN</msg>
<var>${palavra_randomica_diretoria}</var>
<arg>length=8</arg>
<arg>chars=[LETTERS]</arg>
<doc>Generates a string with a desired ``length`` from the given ``chars``.</doc>
<status status="PASS" start="2024-04-05T21:23:57.525743" elapsed="0.012375"/>
</kw>
<kw name="Convert To Lower Case" owner="String">
<msg time="2024-04-05T21:23:57.538118" level="INFO">${palavra_randomica_diretoria} = ptfkflwn</msg>
<var>${palavra_randomica_diretoria}</var>
<arg>${palavra_randomica_diretoria}</arg>
<doc>Converts string to lower case.</doc>
<status status="PASS" start="2024-04-05T21:23:57.538118" elapsed="0.000000"/>
</kw>
<kw name="Set Test Variable" owner="BuiltIn">
<msg time="2024-04-05T21:23:57.538118" level="INFO">${BOARD_NAME} = ptfkflwn</msg>
<arg>${BOARD_NAME}</arg>
<arg>${palavra_randomica_diretoria}</arg>
<doc>Makes a variable available everywhere within the scope of the current test.</doc>
<status status="PASS" start="2024-04-05T21:23:57.538118" elapsed="0.000000"/>
</kw>
<kw name="Log" owner="BuiltIn">
<msg time="2024-04-05T21:23:57.538118" level="INFO">ptfkflwn</msg>
<arg>${BOARD_NAME}</arg>
<doc>Logs the given message with the given level.</doc>
<status status="PASS" start="2024-04-05T21:23:57.538118" elapsed="0.000000"/>
</kw>
<status status="PASS" start="2024-04-05T21:23:57.512231" elapsed="0.025887"/>
</kw>
<kw name="incluir nova diretoria" owner="diretoria_swagger_testes_recursos">
<kw name="Create Dictionary" owner="BuiltIn">
<msg time="2024-04-05T21:23:57.538118" level="INFO">${headers} = {'authorization': 'eyJhbGciOiJIUzI1NiIsInR5cCI6IkpXVCJ9.eyJfaWQiOiI2NTMzMDk5YWZhNzBkNTMwNzVjODFlZjQiLCJmdWxsTmFtZSI6IlFhLUNvZGVycy1TWVNBRE1JTiIsIm1haWwiOiJzeXNhZG1pbkBxYWNvZGVycy5jb20iLCJwYXNzd29yZCI6...</msg>
<var>${headers}</var>
<arg>authorization=${TOKEN}</arg>
<doc>Creates and returns a dictionary based on the given ``items``.</doc>
<status status="PASS" start="2024-04-05T21:23:57.538118" elapsed="0.000000"/>
</kw>
<kw name="Create Dictionary" owner="BuiltIn">
<msg time="2024-04-05T21:23:57.538118" level="INFO">${body} = {'boardName': 'ptfkflwn'}</msg>
<var>${body}</var>
<arg>boardName=${BOARD_NAME}</arg>
<doc>Creates and returns a dictionary based on the given ``items``.</doc>
<status status="PASS" start="2024-04-05T21:23:57.538118" elapsed="0.000000"/>
</kw>
<kw name="Log" owner="BuiltIn">
<msg time="2024-04-05T21:23:57.538118" level="INFO">{'boardName': 'ptfkflwn'}</msg>
<arg>${body}</arg>
<doc>Logs the given message with the given level.</doc>
<status status="PASS" start="2024-04-05T21:23:57.538118" elapsed="0.000000"/>
</kw>
<kw name="Criar sessão" owner="diretoria_swagger_testes_recursos">
<kw name="Create Dictionary" owner="BuiltIn">
<msg time="2024-04-05T21:23:57.538118" level="INFO">${headers} = {'accept': 'application/json', 'Content-Type': 'application/json', 'authorization': 'eyJhbGciOiJIUzI1NiIsInR5cCI6IkpXVCJ9.eyJfaWQiOiI2NTMzMDk5YWZhNzBkNTMwNzVjODFlZjQiLCJmdWxsTmFtZSI6IlFhLUNvZGVycy1TWV...</msg>
<var>${headers}</var>
<arg>accept=application/json</arg>
<arg>Content-Type=application/json</arg>
<arg>authorization=${TOKEN}</arg>
<doc>Creates and returns a dictionary based on the given ``items``.</doc>
<status status="PASS" start="2024-04-05T21:23:57.538118" elapsed="0.000000"/>
</kw>
<kw name="Create Session" owner="RequestsLibrary">
<msg time="2024-04-05T21:23:57.551218" level="INFO">Creating Session using : alias=APISwagger, url=https://qualitys-hunters.qacoders-academy.com.br, headers={'accept': 'application/json', 'Content-Type': 'application/json', 'authorization': 'eyJhbGciOiJIUzI1NiIsInR5cCI6IkpXVCJ9.eyJfaWQiOiI2NTMzMDk5YWZhNzBkNTMwNzVjODFlZjQiLCJmdWxsTmFtZSI6IlFhLUNvZGVycy1TWVNBRE1JTiIsIm1haWwiOiJzeXNhZG1pbkBxYWNvZGVycy5jb20iLCJwYXNzd29yZCI6IiQyYiQxMCRBVEd0US5ZMVB4a1VxNHJDS00zS2x1djl4TVJIUHU4Mkg4Ylo3ZFNFSVNxTHVQSlIuTEFuNiIsImFjY2Vzc1Byb2ZpbGUiOiJTWVNBRE1JTiIsImNwZiI6IjExMTExMTExMTExIiwic3RhdHVzIjp0cnVlLCJhdWRpdCI6W3sicmVnaXN0ZXJlZEJ5Ijp7InVzZXJJZCI6IjExMTExMTExMTExMTExMTExMSIsInVzZXJMb2dpbiI6InN5c2FkbWluQHFhY29kZXJzLmNvbSJ9LCJyZWdpc3RyYXRpb25EYXRlIjoic2V4dGEtZmVpcmEsIDIwLzEwLzIwMjMsIDIwOjEzOjI5IEJSVCIsInJlZ2lzdHJhdGlvbk51bWJlciI6IjAxIiwiY29tcGFueUlkIjoiUWEuQ29kZXJzIiwiX2lkIjoiNjUzMzA5OWFmYTcwZDUzMDc1YzgxZWY1In1dLCJfX3YiOjAsImlhdCI6MTcxMjM1NzM0NiwiZXhwIjoxNzEyNDQzNzQ2fQ.syv2olfh8wklx62sNDFjCccW777CZDUvgBVtepUwkfY'},                     cookies={}, auth=None, timeout=None, proxies=None, verify=False,                     debug=0 </msg>
<arg>alias=APISwagger</arg>
<arg>url=https://qualitys-hunters.qacoders-academy.com.br</arg>
<arg>headers=${headers}</arg>
<doc>Create Session: create a HTTP session to a server</doc>
<status status="PASS" start="2024-04-05T21:23:57.548499" elapsed="0.002719"/>
</kw>
<status status="PASS" start="2024-04-05T21:23:57.538118" elapsed="0.013100"/>
</kw>
<kw name="POST On Session" owner="RequestsLibrary">
<msg time="2024-04-05T21:23:58.733657" level="INFO">POST Request : url=https://qualitys-hunters.qacoders-academy.com.br/api/board/ 
 path_url=/api/board/ 
 headers={'User-Agent': 'python-requests/2.31.0', 'Accept-Encoding': 'gzip, deflate', 'accept': 'application/json', 'Connection': 'keep-alive', 'Content-Type': 'application/json', 'authorization': 'eyJhbGciOiJIUzI1NiIsInR5cCI6IkpXVCJ9.eyJfaWQiOiI2NTMzMDk5YWZhNzBkNTMwNzVjODFlZjQiLCJmdWxsTmFtZSI6IlFhLUNvZGVycy1TWVNBRE1JTiIsIm1haWwiOiJzeXNhZG1pbkBxYWNvZGVycy5jb20iLCJwYXNzd29yZCI6IiQyYiQxMCRBVEd0US5ZMVB4a1VxNHJDS00zS2x1djl4TVJIUHU4Mkg4Ylo3ZFNFSVNxTHVQSlIuTEFuNiIsImFjY2Vzc1Byb2ZpbGUiOiJTWVNBRE1JTiIsImNwZiI6IjExMTExMTExMTExIiwic3RhdHVzIjp0cnVlLCJhdWRpdCI6W3sicmVnaXN0ZXJlZEJ5Ijp7InVzZXJJZCI6IjExMTExMTExMTExMTExMTExMSIsInVzZXJMb2dpbiI6InN5c2FkbWluQHFhY29kZXJzLmNvbSJ9LCJyZWdpc3RyYXRpb25EYXRlIjoic2V4dGEtZmVpcmEsIDIwLzEwLzIwMjMsIDIwOjEzOjI5IEJSVCIsInJlZ2lzdHJhdGlvbk51bWJlciI6IjAxIiwiY29tcGFueUlkIjoiUWEuQ29kZXJzIiwiX2lkIjoiNjUzMzA5OWFmYTcwZDUzMDc1YzgxZWY1In1dLCJfX3YiOjAsImlhdCI6MTcxMjM1NzM0NiwiZXhwIjoxNzEyNDQzNzQ2fQ.syv2olfh8wklx62sNDFjCccW777CZDUvgBVtepUwkfY', 'Content-Length': '25'} 
 body=b'{"boardName": "ptfkflwn"}' 
 </msg>
<msg time="2024-04-05T21:23:58.733657" level="INFO">POST Response : url=https://qualitys-hunters.qacoders-academy.com.br/api/board/ 
 status=201, reason=Created 
 headers={'Server': 'nginx/1.18.0 (Ubuntu)', 'Date': 'Sat, 06 Apr 2024 00:24:01 GMT', 'Content-Type': 'application/json; charset=utf-8', 'Content-Length': '343', 'Connection': 'keep-alive', 'X-Powered-By': 'Express', 'Access-Control-Allow-Origin': '*', 'Access-Control-Allow-Methods': 'GET, POST, OPTIONS, PUT, PATCH, DELETE', 'Access-Control-Allow-Headers': 'Origin, X-Requested-With, Content-Type, Accept, Authorization', 'ETag': 'W/"157-1gcruKZPaCCxofjniC1UN31nqVY"'} 
 body={"msg":"Cadastro realizado com sucesso!","newBoard":{"boardName":"ptfkflwn","boardCode":"212","status":true,"audit":[{"registrationDate":"sexta-feira, 05/04/2024, 21:24:01 BRT","registeredBy":{"userId":"6533099afa70d53075c81ef4","userLogin":"sysadmin@qacoders.com"},"_id":"6610962134186f84c09b1c22"}],"_id":"6610962134186f84c09b1c21","__v":0}} 
 </msg>
<msg time="2024-04-05T21:23:58.733657" level="INFO">C:\Users\renil\AppData\Local\Programs\Python\Python312\Lib\site-packages\urllib3\connectionpool.py:1103: InsecureRequestWarning: Unverified HTTPS request is being made to host 'qualitys-hunters.qacoders-academy.com.br'. Adding certificate verification is strongly advised. See: https://urllib3.readthedocs.io/en/latest/advanced-usage.html#tls-warnings
  warnings.warn(</msg>
<msg time="2024-04-05T21:23:58.733657" level="INFO">${resposta} = &lt;Response [201]&gt;</msg>
<var>${resposta}</var>
<arg>alias=APISwagger</arg>
<arg>url=/api/board/</arg>
<arg>json=${body}</arg>
<doc>Sends a POST request on a previously created HTTP Session.</doc>
<status status="PASS" start="2024-04-05T21:23:57.551218" elapsed="1.182439"/>
</kw>
<kw name="Log" owner="BuiltIn">
<msg time="2024-04-05T21:23:58.733657" level="INFO">{'msg': 'Cadastro realizado com sucesso!', 'newBoard': {'boardName': 'ptfkflwn', 'boardCode': '212', 'status': True, 'audit': [{'registrationDate': 'sexta-feira, 05/04/2024, 21:24:01 BRT', 'registeredBy': {'userId': '6533099afa70d53075c81ef4', 'userLogin': 'sysadmin@qacoders.com'}, '_id': '6610962134186f84c09b1c22'}], '_id': '6610962134186f84c09b1c21', '__v': 0}}</msg>
<arg>${resposta.json()}</arg>
<doc>Logs the given message with the given level.</doc>
<status status="PASS" start="2024-04-05T21:23:58.733657" elapsed="0.000000"/>
</kw>
<kw name="Set Test Variable" owner="BuiltIn">
<msg time="2024-04-05T21:23:58.733657" level="INFO">${BOARD_NAME} = 6610962134186f84c09b1c21</msg>
<arg>${BOARD_NAME}</arg>
<arg>${resposta.json()['newBoard']['_id']}</arg>
<doc>Makes a variable available everywhere within the scope of the current test.</doc>
<status status="PASS" start="2024-04-05T21:23:58.733657" elapsed="0.000000"/>
</kw>
<kw name="Set Test Variable" owner="BuiltIn">
<msg time="2024-04-05T21:23:58.733657" level="INFO">${RESPOSTA} = {'msg': 'Cadastro realizado com sucesso!', 'newBoard': {'boardName': 'ptfkflwn', 'boardCode': '212', 'status': True, 'audit': [{'registrationDate': 'sexta-feira, 05/04/2024, 21:24:01 BRT', 'registered...</msg>
<arg>${RESPOSTA}</arg>
<arg>${resposta.json()}</arg>
<doc>Makes a variable available everywhere within the scope of the current test.</doc>
<status status="PASS" start="2024-04-05T21:23:58.733657" elapsed="0.000000"/>
</kw>
<status status="PASS" start="2024-04-05T21:23:57.538118" elapsed="1.195539"/>
</kw>
<kw name="deve permitir somente letras maiúsculas, minúsculas e o caractere especial &amp;" owner="diretoria_swagger_testes_recursos">
<kw name="Create Dictionary" owner="BuiltIn">
<msg time="2024-04-05T21:23:58.733657" level="INFO">${headers} = {'authorization': 'eyJhbGciOiJIUzI1NiIsInR5cCI6IkpXVCJ9.eyJfaWQiOiI2NTMzMDk5YWZhNzBkNTMwNzVjODFlZjQiLCJmdWxsTmFtZSI6IlFhLUNvZGVycy1TWVNBRE1JTiIsIm1haWwiOiJzeXNhZG1pbkBxYWNvZGVycy5jb20iLCJwYXNzd29yZCI6...</msg>
<var>${headers}</var>
<arg>authorization=${TOKEN}</arg>
<doc>Creates and returns a dictionary based on the given ``items``.</doc>
<status status="PASS" start="2024-04-05T21:23:58.733657" elapsed="0.000000"/>
</kw>
<kw name="Create Dictionary" owner="BuiltIn">
<msg time="2024-04-05T21:23:58.733657" level="INFO">${body} = {'boardName': 'EiWr&amp;'}</msg>
<var>${body}</var>
<arg>boardName=EiWr&amp;</arg>
<doc>Creates and returns a dictionary based on the given ``items``.</doc>
<status status="PASS" start="2024-04-05T21:23:58.733657" elapsed="0.000000"/>
</kw>
<kw name="Log" owner="BuiltIn">
<msg time="2024-04-05T21:23:58.744176" level="INFO">{'boardName': 'EiWr&amp;'}</msg>
<arg>${body}</arg>
<doc>Logs the given message with the given level.</doc>
<status status="PASS" start="2024-04-05T21:23:58.733657" elapsed="0.010519"/>
</kw>
<kw name="Criar sessão" owner="diretoria_swagger_testes_recursos">
<kw name="Create Dictionary" owner="BuiltIn">
<msg time="2024-04-05T21:23:58.744176" level="INFO">${headers} = {'accept': 'application/json', 'Content-Type': 'application/json', 'authorization': 'eyJhbGciOiJIUzI1NiIsInR5cCI6IkpXVCJ9.eyJfaWQiOiI2NTMzMDk5YWZhNzBkNTMwNzVjODFlZjQiLCJmdWxsTmFtZSI6IlFhLUNvZGVycy1TWV...</msg>
<var>${headers}</var>
<arg>accept=application/json</arg>
<arg>Content-Type=application/json</arg>
<arg>authorization=${TOKEN}</arg>
<doc>Creates and returns a dictionary based on the given ``items``.</doc>
<status status="PASS" start="2024-04-05T21:23:58.744176" elapsed="0.000000"/>
</kw>
<kw name="Create Session" owner="RequestsLibrary">
<msg time="2024-04-05T21:23:58.744176" level="INFO">Creating Session using : alias=APISwagger, url=https://qualitys-hunters.qacoders-academy.com.br, headers={'accept': 'application/json', 'Content-Type': 'application/json', 'authorization': 'eyJhbGciOiJIUzI1NiIsInR5cCI6IkpXVCJ9.eyJfaWQiOiI2NTMzMDk5YWZhNzBkNTMwNzVjODFlZjQiLCJmdWxsTmFtZSI6IlFhLUNvZGVycy1TWVNBRE1JTiIsIm1haWwiOiJzeXNhZG1pbkBxYWNvZGVycy5jb20iLCJwYXNzd29yZCI6IiQyYiQxMCRBVEd0US5ZMVB4a1VxNHJDS00zS2x1djl4TVJIUHU4Mkg4Ylo3ZFNFSVNxTHVQSlIuTEFuNiIsImFjY2Vzc1Byb2ZpbGUiOiJTWVNBRE1JTiIsImNwZiI6IjExMTExMTExMTExIiwic3RhdHVzIjp0cnVlLCJhdWRpdCI6W3sicmVnaXN0ZXJlZEJ5Ijp7InVzZXJJZCI6IjExMTExMTExMTExMTExMTExMSIsInVzZXJMb2dpbiI6InN5c2FkbWluQHFhY29kZXJzLmNvbSJ9LCJyZWdpc3RyYXRpb25EYXRlIjoic2V4dGEtZmVpcmEsIDIwLzEwLzIwMjMsIDIwOjEzOjI5IEJSVCIsInJlZ2lzdHJhdGlvbk51bWJlciI6IjAxIiwiY29tcGFueUlkIjoiUWEuQ29kZXJzIiwiX2lkIjoiNjUzMzA5OWFmYTcwZDUzMDc1YzgxZWY1In1dLCJfX3YiOjAsImlhdCI6MTcxMjM1NzM0NiwiZXhwIjoxNzEyNDQzNzQ2fQ.syv2olfh8wklx62sNDFjCccW777CZDUvgBVtepUwkfY'},                     cookies={}, auth=None, timeout=None, proxies=None, verify=False,                     debug=0 </msg>
<arg>alias=APISwagger</arg>
<arg>url=https://qualitys-hunters.qacoders-academy.com.br</arg>
<arg>headers=${headers}</arg>
<doc>Create Session: create a HTTP session to a server</doc>
<status status="PASS" start="2024-04-05T21:23:58.744176" elapsed="0.000000"/>
</kw>
<status status="PASS" start="2024-04-05T21:23:58.744176" elapsed="0.000000"/>
</kw>
<kw name="POST On Session" owner="RequestsLibrary">
<msg time="2024-04-05T21:24:19.783003" level="WARN">Retrying (RetryAdapter(total=2, connect=None, read=None, redirect=None, status=None)) after connection broken by 'ConnectTimeoutError(&lt;urllib3.connection.HTTPSConnection object at 0x000001A34F71DEE0&gt;, 'Connection to qualitys-hunters.qacoders-academy.com.br timed out. (connect timeout=None)')': /api/board/</msg>
<msg time="2024-04-05T21:24:19.935136" level="INFO">POST Request : url=https://qualitys-hunters.qacoders-academy.com.br/api/board/ 
 path_url=/api/board/ 
 headers={'User-Agent': 'python-requests/2.31.0', 'Accept-Encoding': 'gzip, deflate', 'accept': 'application/json', 'Connection': 'keep-alive', 'Content-Type': 'application/json', 'authorization': 'eyJhbGciOiJIUzI1NiIsInR5cCI6IkpXVCJ9.eyJfaWQiOiI2NTMzMDk5YWZhNzBkNTMwNzVjODFlZjQiLCJmdWxsTmFtZSI6IlFhLUNvZGVycy1TWVNBRE1JTiIsIm1haWwiOiJzeXNhZG1pbkBxYWNvZGVycy5jb20iLCJwYXNzd29yZCI6IiQyYiQxMCRBVEd0US5ZMVB4a1VxNHJDS00zS2x1djl4TVJIUHU4Mkg4Ylo3ZFNFSVNxTHVQSlIuTEFuNiIsImFjY2Vzc1Byb2ZpbGUiOiJTWVNBRE1JTiIsImNwZiI6IjExMTExMTExMTExIiwic3RhdHVzIjp0cnVlLCJhdWRpdCI6W3sicmVnaXN0ZXJlZEJ5Ijp7InVzZXJJZCI6IjExMTExMTExMTExMTExMTExMSIsInVzZXJMb2dpbiI6InN5c2FkbWluQHFhY29kZXJzLmNvbSJ9LCJyZWdpc3RyYXRpb25EYXRlIjoic2V4dGEtZmVpcmEsIDIwLzEwLzIwMjMsIDIwOjEzOjI5IEJSVCIsInJlZ2lzdHJhdGlvbk51bWJlciI6IjAxIiwiY29tcGFueUlkIjoiUWEuQ29kZXJzIiwiX2lkIjoiNjUzMzA5OWFmYTcwZDUzMDc1YzgxZWY1In1dLCJfX3YiOjAsImlhdCI6MTcxMjM1NzM0NiwiZXhwIjoxNzEyNDQzNzQ2fQ.syv2olfh8wklx62sNDFjCccW777CZDUvgBVtepUwkfY', 'Content-Length': '22'} 
 body=b'{"boardName": "EiWr&amp;"}' 
 </msg>
<msg time="2024-04-05T21:24:19.935136" level="INFO">POST Response : url=https://qualitys-hunters.qacoders-academy.com.br/api/board/ 
 status=201, reason=Created 
 headers={'Server': 'nginx/1.18.0 (Ubuntu)', 'Date': 'Sat, 06 Apr 2024 00:24:22 GMT', 'Content-Type': 'application/json; charset=utf-8', 'Content-Length': '340', 'Connection': 'keep-alive', 'X-Powered-By': 'Express', 'Access-Control-Allow-Origin': '*', 'Access-Control-Allow-Methods': 'GET, POST, OPTIONS, PUT, PATCH, DELETE', 'Access-Control-Allow-Headers': 'Origin, X-Requested-With, Content-Type, Accept, Authorization', 'ETag': 'W/"154-uuEqEQchFL/nB73zeVAKfPBjvLU"'} 
 body={"msg":"Cadastro realizado com sucesso!","newBoard":{"boardName":"EiWr&amp;","boardCode":"213","status":true,"audit":[{"registrationDate":"sexta-feira, 05/04/2024, 21:24:22 BRT","registeredBy":{"userId":"6533099afa70d53075c81ef4","userLogin":"sysadmin@qacoders.com"},"_id":"6610963634186f84c09b1c27"}],"_id":"6610963634186f84c09b1c26","__v":0}} 
 </msg>
<msg time="2024-04-05T21:24:19.935136" level="INFO">C:\Users\renil\AppData\Local\Programs\Python\Python312\Lib\site-packages\urllib3\connectionpool.py:1103: InsecureRequestWarning: Unverified HTTPS request is being made to host 'qualitys-hunters.qacoders-academy.com.br'. Adding certificate verification is strongly advised. See: https://urllib3.readthedocs.io/en/latest/advanced-usage.html#tls-warnings
  warnings.warn(</msg>
<msg time="2024-04-05T21:24:19.935136" level="INFO">${resposta} = &lt;Response [201]&gt;</msg>
<var>${resposta}</var>
<arg>alias=APISwagger</arg>
<arg>url=/api/board/</arg>
<arg>json=${body}</arg>
<arg>expected_status=201</arg>
<doc>Sends a POST request on a previously created HTTP Session.</doc>
<status status="PASS" start="2024-04-05T21:23:58.744176" elapsed="21.190960"/>
</kw>
<kw name="Log" owner="BuiltIn">
<msg time="2024-04-05T21:24:19.943541" level="INFO">{'msg': 'Cadastro realizado com sucesso!', 'newBoard': {'boardName': 'EiWr&amp;', 'boardCode': '213', 'status': True, 'audit': [{'registrationDate': 'sexta-feira, 05/04/2024, 21:24:22 BRT', 'registeredBy': {'userId': '6533099afa70d53075c81ef4', 'userLogin': 'sysadmin@qacoders.com'}, '_id': '6610963634186f84c09b1c27'}], '_id': '6610963634186f84c09b1c26', '__v': 0}}</msg>
<arg>${resposta.json()}</arg>
<doc>Logs the given message with the given level.</doc>
<status status="PASS" start="2024-04-05T21:24:19.935136" elapsed="0.008405"/>
</kw>
<kw name="Set Test Variable" owner="BuiltIn">
<msg time="2024-04-05T21:24:19.943541" level="INFO">${BOARD_NAME} = 6610963634186f84c09b1c26</msg>
<arg>${BOARD_NAME}</arg>
<arg>${resposta.json()['newBoard']['_id']}</arg>
<doc>Makes a variable available everywhere within the scope of the current test.</doc>
<status status="PASS" start="2024-04-05T21:24:19.943541" elapsed="0.000000"/>
</kw>
<kw name="Set Test Variable" owner="BuiltIn">
<msg time="2024-04-05T21:24:19.948965" level="INFO">${RESPOSTA} = {'msg': 'Cadastro realizado com sucesso!', 'newBoard': {'boardName': 'EiWr&amp;', 'boardCode': '213', 'status': True, 'audit': [{'registrationDate': 'sexta-feira, 05/04/2024, 21:24:22 BRT', 'registeredBy'...</msg>
<arg>${RESPOSTA}</arg>
<arg>${resposta.json()}</arg>
<doc>Makes a variable available everywhere within the scope of the current test.</doc>
<status status="PASS" start="2024-04-05T21:24:19.948965" elapsed="0.000000"/>
</kw>
<status status="PASS" start="2024-04-05T21:23:58.733657" elapsed="21.215308"/>
</kw>
<status status="PASS" start="2024-04-05T21:23:57.512231" elapsed="22.444249"/>
</test>
<status status="PASS" start="2024-04-05T21:23:57.315567" elapsed="22.640913"/>
</suite>
<statistics>
<total>
<stat pass="1" fail="0" skip="0">All Tests</stat>
</total>
<tag>
</tag>
<suite>
<stat pass="1" fail="0" skip="0" id="s1" name="Post Swagger Test">Post Swagger Test</stat>
</suite>
</statistics>
<errors>
<msg time="2024-04-05T21:24:19.783003" level="WARN">Retrying (RetryAdapter(total=2, connect=None, read=None, redirect=None, status=None)) after connection broken by 'ConnectTimeoutError(&lt;urllib3.connection.HTTPSConnection object at 0x000001A34F71DEE0&gt;, 'Connection to qualitys-hunters.qacoders-academy.com.br timed out. (connect timeout=None)')': /api/board/</msg>
</errors>
</robot>
